<?xml version="1.0" encoding="UTF-8"?>
<!-- Generated by org.testng.reporters.JUnitReportReporter -->
<testsuite hostname="DESKTOP-K0Q4D27" failures="0" tests="1" name="test.Flightstest" time="10.187" errors="0" timestamp="2023-05-23T20:51:55 IST" skipped="0">
  <testcase classname="test.Flightstest" name="roundtrip" time="10.187"/>
  <system-out/>
</testsuite> <!-- test.Flightstest -->
